number,value,datetime_start,datetime_complete,duration,params_C,params_class_weight,state,fold,model,params_max_depth,params_max_features,params_min_samples_leaf,params_n_estimators,params_bagging_fraction,params_feature_fraction,params_lambda_l1,params_lambda_l2,params_learning_rate,params_min_child_samples,params_num_leaves
16,0.5170605455044599,2026-04-22 20:14:34.326058,2026-04-22 20:14:45.373133,0 days 00:00:11.047075,,,COMPLETE,7,LGBM,,,,350.0,0.8038788087854117,0.7869898407746242,2.5005286287042825,4.138936297287702,0.07357522246119172,53.0,32.0
17,0.5168433234417154,2026-04-22 20:14:45.373194,2026-04-22 20:14:56.519916,0 days 00:00:11.146722,,,COMPLETE,7,LGBM,,,,450.0,0.7360692181752352,0.8635672005901233,3.3326781965385943,4.8547489740469745,0.02973756908947272,38.0,21.0
18,0.517631717589757,2026-04-22 20:14:56.519966,2026-04-22 20:15:07.547564,0 days 00:00:11.027598,,,COMPLETE,7,LGBM,,,,300.0,0.8658690970327837,0.7892473959354279,2.0398540530330544,2.8757013513114984,0.0527263452027894,23.0,35.0
19,0.517257363169464,2026-04-22 20:15:07.547619,2026-04-22 20:15:19.231617,0 days 00:00:11.683998,,,COMPLETE,7,LGBM,,,,400.0,0.7424629018031941,0.8676602044018836,0.9799319399192266,1.511453305596445,0.0817013097105094,33.0,31.0
20,0.5133992064612605,2026-04-22 20:15:19.231680,2026-04-22 20:15:28.223153,0 days 00:00:08.991473,,,COMPLETE,7,LGBM,,,,200.0,0.8817869320282246,0.8158191102193318,3.0187923578856197,0.12430937408025167,0.011501504747675235,52.0,23.0
21,0.5132044017664993,2026-04-22 20:15:28.223212,2026-04-22 20:15:39.310977,0 days 00:00:11.087765,,,COMPLETE,7,LGBM,,,,250.0,0.9117514720178103,0.7216835733232116,4.067001379856431,1.2003924643686865,0.06081552708980138,15.0,46.0
22,0.5196840736065328,2026-04-22 20:15:39.311038,2026-04-22 20:15:49.844290,0 days 00:00:10.533252,,,COMPLETE,7,LGBM,,,,300.0,0.808965636263804,0.5649981955353285,3.650191262547208,0.39797822001136407,0.08591269379280299,19.0,34.0
23,0.5173768619528413,2026-04-22 20:15:49.844340,2026-04-22 20:15:59.775115,0 days 00:00:09.930775,,,COMPLETE,7,LGBM,,,,200.0,0.9393617023387886,0.6159801040755608,4.524863994850463,1.2453451605515011,0.04091990870346859,17.0,44.0
24,0.5188133996812928,2026-04-22 20:15:59.775167,2026-04-22 20:16:09.175075,0 days 00:00:09.399908,,,COMPLETE,7,LGBM,,,,250.0,0.9111068917515778,0.6822315397576583,4.505746513728619,0.5769911686340821,0.09941910026292733,26.0,27.0
